[2025-05-21 00:26:33,481] INFO product: Пользователь admin добавил товар: asd (ID: 682cd768b966511df65e1910)
[2025-05-21 00:26:41,912] INFO product: Пользователь admin добавил товар: asd (ID: 682cd771b966511df65e1912)
[2025-05-21 00:28:55,954] INFO product: User: admin Add product: asd (ID: 682cd7f6e14d241fe6797123)
[2025-05-21 00:28:57,118] INFO product: User: admin Add product: asd (ID: 682cd7f7e14d241fe6797125)
[2025-05-25 15:35:53,070] INFO product: User: admin Add product: ad (ID: 6832f288a71eff27e423db76)
[2025-05-25 15:37:26,448] INFO product: User: admin Add product: ad (ID: 6832f2e6a71eff27e423db78)
[2025-05-25 15:48:28,517] INFO product: User: admin Add product: Кошачий корм Wiskas (ID: 6832f57ca71eff27e423db7a)
[2025-05-25 15:57:37,653] INFO product: User: admin Add product: asd (ID: 6832f7a1a71eff27e423db7c)
[2025-05-25 16:18:30,462] INFO product: User admin deleted product: ad (ID: 6832f2e6a71eff27e423db78)
[2025-05-25 16:54:29,053] INFO product: User admin updated product: Кошачий корм Wiskas (ID: 6832f57ca71eff27e423db7a)
[2025-05-25 16:54:46,219] INFO product: User admin updated product: Кошачий корм Wiskas (ID: 6832f57ca71eff27e423db7a)
[2025-05-25 17:04:12,001] INFO product: User admin deleted product: Кошачий корм Wiskas (ID: 6832f57ca71eff27e423db7a)
[2025-05-25 18:53:37,667] INFO product: User: admin Add product: Кошачий корм Wiskas (ID: 683320e064d95198118dbd6b)
[2025-05-25 18:56:53,684] INFO product: User admin updated product: ad (ID: 6832f288a71eff27e423db76)
[2025-05-25 18:56:59,601] INFO product: User admin updated product: ad (ID: 6832f288a71eff27e423db76)
[2025-05-25 18:58:03,500] INFO product: User admin updated product: asd (ID: 6832f7a1a71eff27e423db7c)
[2025-05-25 19:11:15,412] INFO product: User: admin Add product: Игрушка (ID: 68332503e81aa15eb2f57554)
[2025-05-25 19:37:18,696] INFO product: User: admin Add product: ad (ID: 68332b1e356328cbc84a8b25)
[2025-05-25 19:41:12,438] INFO product: User admin updated product: ad (ID: 68332b1e356328cbc84a8b25)
[2025-05-25 19:41:19,494] INFO product: User admin updated product: Кошачий корм Wiskas (ID: 683320e064d95198118dbd6b)
[2025-05-29 19:59:54,278] INFO product: User: admin Add product: Wiskas (ID: 68387669f94ac3e51aea4316)
[2025-05-29 21:17:48,859] INFO product: User: admin Add product: asd (ID: 683888acde9b80b8d3df6484)
[2025-05-29 21:18:11,823] INFO product: User: admin Add product: asd (ID: 683888c3de9b80b8d3df6486)
[2025-05-29 21:18:33,822] INFO product: User: admin Add product: asd (ID: 683888d9de9b80b8d3df6488)
[2025-05-29 21:19:40,388] INFO product: User: admin Add product: Кошачий корм Wiskas для лысых котов (ID: 6838891cde9b80b8d3df648a)
